d:\oop project\oop project\oop project\x64\debug\vc143.pdb
d:\oop project\oop project\oop project\x64\debug\vc143.idb
d:\oop project\oop project\oop project\x64\debug\testfile.obj
d:\oop project\oop project\oop project\x64\debug\system.obj
d:\oop project\oop project\oop project\x64\debug\source.obj
d:\oop project\oop project\oop project\x64\debug\precreption.obj
d:\oop project\oop project\oop project\x64\debug\patient.obj
d:\oop project\oop project\oop project\x64\debug\main.obj
d:\oop project\oop project\oop project\x64\debug\loginwindow.obj
d:\oop project\oop project\oop project\x64\debug\doctor.obj
d:\oop project\oop project\oop project\x64\debug\ui.obj
d:\oop project\oop project\oop project\x64\debug\admin.obj
d:\oop project\oop project\oop project\x64\debug\oop project.ilk
d:\oop project\oop project\oop project\x64\debug\mydoctorclass.obj
d:\oop project\oop project\oop project\x64\debug\mypatient.obj
d:\oop project\oop project\x64\debug\oop project.pdb
d:\oop project\oop project\oop project\x64\debug\oop project.tlog\cl.command.1.tlog
d:\oop project\oop project\oop project\x64\debug\oop project.tlog\cl.items.tlog
d:\oop project\oop project\oop project\x64\debug\oop project.tlog\cl.read.1.tlog
d:\oop project\oop project\oop project\x64\debug\oop project.tlog\cl.write.1.tlog
d:\oop project\oop project\oop project\x64\debug\oop project.tlog\link.23808-cvtres.read.1.tlog
d:\oop project\oop project\oop project\x64\debug\oop project.tlog\link.23808-cvtres.write.1.tlog
d:\oop project\oop project\oop project\x64\debug\oop project.tlog\link.23808-rc.read.1.tlog
d:\oop project\oop project\oop project\x64\debug\oop project.tlog\link.23808-rc.write.1.tlog
d:\oop project\oop project\oop project\x64\debug\oop project.tlog\link.23808.read.1.tlog
d:\oop project\oop project\oop project\x64\debug\oop project.tlog\link.23808.read.2.tlog
d:\oop project\oop project\oop project\x64\debug\oop project.tlog\link.23808.write.1.tlog
d:\oop project\oop project\oop project\x64\debug\oop project.tlog\link.command.1.tlog
d:\oop project\oop project\oop project\x64\debug\oop project.tlog\link.read.1.tlog
d:\oop project\oop project\oop project\x64\debug\oop project.tlog\link.secondary.1.tlog
d:\oop project\oop project\oop project\x64\debug\oop project.tlog\link.write.1.tlog
